2020-06-15 14:40:50,960 Preparing images for training...
2020-06-15 14:41:05,166 Starting training process...
2020-06-15 14:41:28,939 Training done.
2020-06-15 14:41:28,939 Creating matrix gif for sobel_right...
2020-06-15 14:41:39,173 Preparing images for training...
2020-06-15 14:41:52,677 Starting training process...
2020-06-15 14:42:51,870 Training done.
2020-06-15 14:42:51,870 Skipping gif creation.
2020-06-15 14:42:51,870 Results: 
2020-06-15 14:42:51,871 Original sobel_right filter: 
[[ 1  0 -1]
 [ 2  0 -2]
 [ 1  0 -1]]
2020-06-15 14:42:51,873 Trained sobel_right filter: 
[[ 1.06  0.   -1.06]
 [ 1.92 -0.   -1.91]
 [ 1.05  0.   -1.06]]
2020-06-15 14:42:51,873 Saving training comparition to results/sobel_right/training_image_compare.jpg

2020-06-15 14:42:51,928 Original sobel_left filter: 
[[-1  0  1]
 [-2  0  2]
 [-1  0  1]]
2020-06-15 14:42:51,928 Trained sobel_left filter: 
[[-1.08  0.06  1.  ]
 [-1.91 -0.05  1.98]
 [-1.05  0.02  1.03]]
2020-06-15 14:42:51,928 Saving training comparition to results/sobel_left/training_image_compare.jpg

2020-06-15 14:42:51,970 Original sobel_down filter: 
[[ 1  2  1]
 [ 0  0  0]
 [-1 -2 -1]]
2020-06-15 14:42:51,970 Trained sobel_down filter: 
[[ 1.04  1.94  1.05]
 [ 0.01 -0.01  0.  ]
 [-1.06 -1.92 -1.05]]
2020-06-15 14:42:51,971 Saving training comparition to results/sobel_down/training_image_compare.jpg

2020-06-15 14:42:52,028 Original sobel_up filter: 
[[-1 -2 -1]
 [ 0  0  0]
 [ 1  2  1]]
2020-06-15 14:42:52,028 Trained sobel_up filter: 
[[-1.1  -1.87 -1.09]
 [ 0.07 -0.09  0.05]
 [ 1.    1.99  1.02]]
2020-06-15 14:42:52,028 Saving training comparition to results/sobel_up/training_image_compare.jpg

2020-06-15 14:42:52,067 Original sobel_left_down filter: 
[[ 0  1  2]
 [-1  0  1]
 [-2 -1  0]]
2020-06-15 14:42:52,068 Trained sobel_left_down filter: 
[[-0.01  1.09  1.88]
 [-1.04 -0.05  1.12]
 [-1.93 -1.02 -0.04]]
2020-06-15 14:42:52,068 Saving training comparition to results/sobel_left_down/training_image_compare.jpg

2020-06-15 14:42:52,115 Original sobel_right_up filter: 
[[ 0 -1 -2]
 [ 1  0 -1]
 [ 2  1  0]]
2020-06-15 14:42:52,116 Trained sobel_right_up filter: 
[[ 0.03 -1.08 -1.91]
 [ 1.02  0.04 -1.07]
 [ 1.95  1.03  0.01]]
2020-06-15 14:42:52,116 Saving training comparition to results/sobel_right_up/training_image_compare.jpg

2020-06-15 14:42:52,156 Original sobel_right_down filter: 
[[ 2  1  0]
 [ 1  0 -1]
 [ 0 -1 -2]]
2020-06-15 14:42:52,157 Trained sobel_right_down filter: 
[[ 1.94  1.03  0.02]
 [ 1.06 -0.01 -1.05]
 [-0.03 -1.01 -1.95]]
2020-06-15 14:42:52,157 Saving training comparition to results/sobel_right_down/training_image_compare.jpg

2020-06-15 14:42:52,203 Original sobel_left_up filter: 
[[-2 -1  0]
 [-1  0  1]
 [ 0  1  2]]
2020-06-15 14:42:52,204 Trained sobel_left_up filter: 
[[-1.9  -1.06 -0.01]
 [-1.11  0.05  1.04]
 [ 0.06  0.99  1.95]]
2020-06-15 14:42:52,204 Saving training comparition to results/sobel_left_up/training_image_compare.jpg

2020-06-15 14:42:52,245 Original scharr_right filter: 
[[  3   0  -3]
 [ 10   0 -10]
 [  3   0  -3]]
2020-06-15 14:42:52,246 Trained scharr_right filter: 
[[ 3.53  0.01 -3.55]
 [ 9.27 -0.03 -9.22]
 [ 3.51  0.03 -3.56]]
2020-06-15 14:42:52,246 Saving training comparition to results/scharr_right/training_image_compare.jpg

2020-06-15 14:42:52,310 Original scharr_left filter: 
[[ -3   0   3]
 [-10   0  10]
 [ -3   0   3]]
2020-06-15 14:42:52,311 Trained scharr_left filter: 
[[-3.54 -0.01  3.56]
 [-9.24  0.01  9.22]
 [-3.54 -0.01  3.55]]
2020-06-15 14:42:52,311 Saving training comparition to results/scharr_left/training_image_compare.jpg

2020-06-15 14:42:52,369 Original scharr_down filter: 
[[  3  10   3]
 [  0   0   0]
 [ -3 -10  -3]]
2020-06-15 14:42:52,379 Trained scharr_down filter: 
[[ 3.46  9.33  3.5 ]
 [ 0.03 -0.   -0.03]
 [-3.5  -9.33 -3.46]]
2020-06-15 14:42:52,387 Saving training comparition to results/scharr_down/training_image_compare.jpg

2020-06-15 14:42:52,450 Original scharr_up filter: 
[[ -3 -10  -3]
 [  0   0   0]
 [  3  10   3]]
2020-06-15 14:42:52,451 Trained scharr_up filter: 
[[-3.47 -9.35 -3.46]
 [-0.02  0.05 -0.05]
 [ 3.5   9.28  3.52]]
2020-06-15 14:42:52,451 Saving training comparition to results/scharr_up/training_image_compare.jpg

2020-06-15 14:42:52,502 Original scharr_left_up filter: 
[[  0   3  10]
 [ -3   0   3]
 [-10  -3   0]]
2020-06-15 14:42:52,502 Trained scharr_left_up filter: 
[[ 0.    3.55  9.21]
 [-3.51 -0.06  3.6 ]
 [-9.28 -3.46 -0.06]]
2020-06-15 14:42:52,503 Saving training comparition to results/scharr_left_up/training_image_compare.jpg

2020-06-15 14:42:52,553 Original scharr_right_up filter: 
[[  0  -3 -10]
 [  3   0  -3]
 [ 10   3   0]]
2020-06-15 14:42:52,553 Trained scharr_right_up filter: 
[[-0.01 -3.53 -9.23]
 [ 3.52  0.04 -3.58]
 [ 9.27  3.47  0.05]]
2020-06-15 14:42:52,553 Saving training comparition to results/scharr_right_up/training_image_compare.jpg

2020-06-15 14:42:52,603 Original scharr_right_down filter: 
[[ 10   3   0]
 [  3   0  -3]
 [  0  -3 -10]]
2020-06-15 14:42:52,603 Trained scharr_right_down filter: 
[[ 9.25  3.5   0.03]
 [ 3.55 -0.   -3.55]
 [-0.04 -3.49 -9.26]]
2020-06-15 14:42:52,603 Saving training comparition to results/scharr_right_down/training_image_compare.jpg

2020-06-15 14:42:52,644 Original scharr_left_down filter: 
[[-10  -3   0]
 [ -3   0   3]
 [  0   3  10]]
2020-06-15 14:42:52,645 Trained scharr_left_down filter: 
[[-9.24 -3.51 -0.03]
 [-3.57  0.02  3.54]
 [ 0.05  3.48  9.26]]
2020-06-15 14:42:52,645 Saving training comparition to results/scharr_left_down/training_image_compare.jpg

2020-06-15 14:42:52,705 Acceptance error is set to 0.2% of distance between highest and lowest value
2020-06-15 14:42:52,706 Saving validation comparition to results/sobel_right/validation_image_compare.jpg
2020-06-15 14:42:52,736 Similarity between validation image filtered with trained and original sobel_right kernel is 98.41%
2020-06-15 14:42:52,740 Saving validation comparition to results/sobel_left/validation_image_compare.jpg
2020-06-15 14:42:52,774 Similarity between validation image filtered with trained and original sobel_left kernel is 98.83%
2020-06-15 14:42:52,774 Saving validation comparition to results/sobel_down/validation_image_compare.jpg
2020-06-15 14:42:52,824 Similarity between validation image filtered with trained and original sobel_down kernel is 98.9%
2020-06-15 14:42:52,824 Saving validation comparition to results/sobel_up/validation_image_compare.jpg
2020-06-15 14:42:52,852 Similarity between validation image filtered with trained and original sobel_up kernel is 30.82%
2020-06-15 14:42:52,852 Saving validation comparition to results/sobel_left_down/validation_image_compare.jpg
2020-06-15 14:42:52,881 Similarity between validation image filtered with trained and original sobel_left_down kernel is 97.58%
2020-06-15 14:42:52,881 Saving validation comparition to results/sobel_right_up/validation_image_compare.jpg
2020-06-15 14:42:52,912 Similarity between validation image filtered with trained and original sobel_right_up kernel is 28.46%
2020-06-15 14:42:52,912 Saving validation comparition to results/sobel_right_down/validation_image_compare.jpg
2020-06-15 14:42:52,946 Similarity between validation image filtered with trained and original sobel_right_down kernel is 98.97%
2020-06-15 14:42:52,946 Saving validation comparition to results/sobel_left_up/validation_image_compare.jpg
2020-06-15 14:42:52,976 Similarity between validation image filtered with trained and original sobel_left_up kernel is 97.41%
2020-06-15 14:42:52,976 Saving validation comparition to results/scharr_right/validation_image_compare.jpg
2020-06-15 14:42:53,009 Similarity between validation image filtered with trained and original scharr_right kernel is 95.32%
2020-06-15 14:42:53,009 Saving validation comparition to results/scharr_left/validation_image_compare.jpg
2020-06-15 14:42:53,043 Similarity between validation image filtered with trained and original scharr_left kernel is 95.29%
2020-06-15 14:42:53,043 Saving validation comparition to results/scharr_down/validation_image_compare.jpg
2020-06-15 14:42:53,077 Similarity between validation image filtered with trained and original scharr_down kernel is 96.71%
2020-06-15 14:42:53,077 Saving validation comparition to results/scharr_up/validation_image_compare.jpg
2020-06-15 14:42:53,113 Similarity between validation image filtered with trained and original scharr_up kernel is 96.65%
2020-06-15 14:42:53,113 Saving validation comparition to results/scharr_left_up/validation_image_compare.jpg
2020-06-15 14:42:53,153 Similarity between validation image filtered with trained and original scharr_left_up kernel is 95.04%
2020-06-15 14:42:53,153 Saving validation comparition to results/scharr_right_up/validation_image_compare.jpg
2020-06-15 14:42:53,190 Similarity between validation image filtered with trained and original scharr_right_up kernel is 95.09%
2020-06-15 14:42:53,191 Saving validation comparition to results/scharr_right_down/validation_image_compare.jpg
2020-06-15 14:42:53,227 Similarity between validation image filtered with trained and original scharr_right_down kernel is 94.9%
2020-06-15 14:42:53,227 Saving validation comparition to results/scharr_left_down/validation_image_compare.jpg
2020-06-15 14:42:53,265 Similarity between validation image filtered with trained and original scharr_left_down kernel is 94.87%
2020-06-15 14:45:05,273 Preparing images for training...
2020-06-15 14:45:18,679 Starting training process...
2020-06-15 14:47:16,721 Training done.
2020-06-15 14:47:16,721 Skipping gif creation.
2020-06-15 14:47:16,721 Results: 
2020-06-15 14:47:16,722 Original sobel_right filter: 
[[ 1  0 -1]
 [ 2  0 -2]
 [ 1  0 -1]]
2020-06-15 14:47:16,722 Trained sobel_right filter: 
[[ 1.01 -0.01 -0.99]
 [ 1.99  0.01 -2.01]
 [ 1.01 -0.01 -0.99]]
2020-06-15 14:47:16,722 Saving training comparition to results/sobel_right/training_image_compare.jpg

2020-06-15 14:47:16,760 Original sobel_left filter: 
[[-1  0  1]
 [-2  0  2]
 [-1  0  1]]
2020-06-15 14:47:16,760 Trained sobel_left filter: 
[[-0.99 -0.01  1.01]
 [-2.01  0.02  1.99]
 [-0.99 -0.01  1.01]]
2020-06-15 14:47:16,760 Saving training comparition to results/sobel_left/training_image_compare.jpg

2020-06-15 14:47:16,792 Original sobel_down filter: 
[[ 1  2  1]
 [ 0  0  0]
 [-1 -2 -1]]
2020-06-15 14:47:16,792 Trained sobel_down filter: 
[[ 1.  2.  1.]
 [-0.  0. -0.]
 [-1. -2. -1.]]
2020-06-15 14:47:16,793 Saving training comparition to results/sobel_down/training_image_compare.jpg

2020-06-15 14:47:16,819 Original sobel_up filter: 
[[-1 -2 -1]
 [ 0  0  0]
 [ 1  2  1]]
2020-06-15 14:47:16,820 Trained sobel_up filter: 
[[-0.98 -2.02 -0.98]
 [-0.02  0.03 -0.02]
 [ 1.02  1.98  1.02]]
2020-06-15 14:47:16,820 Saving training comparition to results/sobel_up/training_image_compare.jpg

2020-06-15 14:47:16,845 Original sobel_left_down filter: 
[[ 0  1  2]
 [-1  0  1]
 [-2 -1  0]]
2020-06-15 14:47:16,847 Trained sobel_left_down filter: 
[[ 0.01  0.99  2.  ]
 [-1.01  0.01  0.99]
 [-1.99 -1.01  0.01]]
2020-06-15 14:47:16,847 Saving training comparition to results/sobel_left_down/training_image_compare.jpg

2020-06-15 14:47:16,873 Original sobel_right_up filter: 
[[ 0 -1 -2]
 [ 1  0 -1]
 [ 2  1  0]]
2020-06-15 14:47:16,874 Trained sobel_right_up filter: 
[[-0. -1. -2.]
 [ 1. -0. -1.]
 [ 2.  1. -0.]]
2020-06-15 14:47:16,874 Saving training comparition to results/sobel_right_up/training_image_compare.jpg

2020-06-15 14:47:16,897 Original sobel_right_down filter: 
[[ 2  1  0]
 [ 1  0 -1]
 [ 0 -1 -2]]
2020-06-15 14:47:16,898 Trained sobel_right_down filter: 
[[ 2.  1. -0.]
 [ 1. -0. -1.]
 [-0. -1. -2.]]
2020-06-15 14:47:16,898 Saving training comparition to results/sobel_right_down/training_image_compare.jpg

2020-06-15 14:47:16,933 Original sobel_left_up filter: 
[[-2 -1  0]
 [-1  0  1]
 [ 0  1  2]]
2020-06-15 14:47:16,933 Trained sobel_left_up filter: 
[[-2.   -1.   -0.  ]
 [-1.   -0.01  1.01]
 [-0.    1.01  2.  ]]
2020-06-15 14:47:16,933 Saving training comparition to results/sobel_left_up/training_image_compare.jpg

2020-06-15 14:47:16,966 Original scharr_right filter: 
[[  3   0  -3]
 [ 10   0 -10]
 [  3   0  -3]]
2020-06-15 14:47:16,967 Trained scharr_right filter: 
[[  3.02  -0.02  -2.99]
 [  9.97   0.03 -10.01]
 [  3.02  -0.02  -2.99]]
2020-06-15 14:47:16,967 Saving training comparition to results/scharr_right/training_image_compare.jpg

2020-06-15 14:47:16,998 Original scharr_left filter: 
[[ -3   0   3]
 [-10   0  10]
 [ -3   0   3]]
2020-06-15 14:47:16,999 Trained scharr_left filter: 
[[-3.01  0.    3.  ]
 [-9.99 -0.    9.99]
 [-3.01  0.    3.  ]]
2020-06-15 14:47:16,999 Saving training comparition to results/scharr_left/training_image_compare.jpg

2020-06-15 14:47:17,027 Original scharr_down filter: 
[[  3  10   3]
 [  0   0   0]
 [ -3 -10  -3]]
2020-06-15 14:47:17,028 Trained scharr_down filter: 
[[  3.01   9.98   3.01]
 [ -0.01   0.01  -0.01]
 [ -3.   -10.    -3.  ]]
2020-06-15 14:47:17,028 Saving training comparition to results/scharr_down/training_image_compare.jpg

2020-06-15 14:47:17,057 Original scharr_up filter: 
[[ -3 -10  -3]
 [  0   0   0]
 [  3  10   3]]
2020-06-15 14:47:17,058 Trained scharr_up filter: 
[[ -2.99 -10.01  -2.99]
 [ -0.02   0.03  -0.02]
 [  3.02   9.97   3.02]]
2020-06-15 14:47:17,058 Saving training comparition to results/scharr_up/training_image_compare.jpg

2020-06-15 14:47:17,091 Original scharr_left_up filter: 
[[  0   3  10]
 [ -3   0   3]
 [-10  -3   0]]
2020-06-15 14:47:17,092 Trained scharr_left_up filter: 
[[ 0.    3.    9.99]
 [-3.01  0.    3.01]
 [-9.99 -3.01  0.  ]]
2020-06-15 14:47:17,092 Saving training comparition to results/scharr_left_up/training_image_compare.jpg

2020-06-15 14:47:17,128 Original scharr_right_up filter: 
[[  0  -3 -10]
 [  3   0  -3]
 [ 10   3   0]]
2020-06-15 14:47:17,129 Trained scharr_right_up filter: 
[[ 0.01 -3.02 -9.98]
 [ 2.99  0.02 -3.02]
 [10.    2.99  0.01]]
2020-06-15 14:47:17,129 Saving training comparition to results/scharr_right_up/training_image_compare.jpg

2020-06-15 14:47:17,163 Original scharr_right_down filter: 
[[ 10   3   0]
 [  3   0  -3]
 [  0  -3 -10]]
2020-06-15 14:47:17,164 Trained scharr_right_down filter: 
[[  9.98   3.02  -0.01]
 [  3.02  -0.02  -2.99]
 [ -0.01  -2.99 -10.  ]]
2020-06-15 14:47:17,164 Saving training comparition to results/scharr_right_down/training_image_compare.jpg

2020-06-15 14:47:17,201 Original scharr_left_down filter: 
[[-10  -3   0]
 [ -3   0   3]
 [  0   3  10]]
2020-06-15 14:47:17,202 Trained scharr_left_down filter: 
[[-9.98 -3.02  0.01]
 [-3.02  0.01  3.  ]
 [ 0.01  3.   10.  ]]
2020-06-15 14:47:17,202 Saving training comparition to results/scharr_left_down/training_image_compare.jpg

2020-06-15 14:47:17,252 Acceptance error is set to 0.2% of distance between highest and lowest value
2020-06-15 14:47:17,252 Saving validation comparition to results/sobel_right/validation_image_compare.jpg
2020-06-15 14:47:17,288 Similarity between validation image filtered with trained and original sobel_right kernel is 100.0%
2020-06-15 14:47:17,288 Saving validation comparition to results/sobel_left/validation_image_compare.jpg
2020-06-15 14:47:17,332 Similarity between validation image filtered with trained and original sobel_left kernel is 89.63%
2020-06-15 14:47:17,332 Saving validation comparition to results/sobel_down/validation_image_compare.jpg
2020-06-15 14:47:17,374 Similarity between validation image filtered with trained and original sobel_down kernel is 100.0%
2020-06-15 14:47:17,374 Saving validation comparition to results/sobel_up/validation_image_compare.jpg
2020-06-15 14:47:17,432 Similarity between validation image filtered with trained and original sobel_up kernel is 38.17%
2020-06-15 14:47:17,432 Saving validation comparition to results/sobel_left_down/validation_image_compare.jpg
2020-06-15 14:47:17,482 Similarity between validation image filtered with trained and original sobel_left_down kernel is 100.0%
2020-06-15 14:47:17,486 Saving validation comparition to results/sobel_right_up/validation_image_compare.jpg
2020-06-15 14:47:17,535 Similarity between validation image filtered with trained and original sobel_right_up kernel is 100.0%
2020-06-15 14:47:17,535 Saving validation comparition to results/sobel_right_down/validation_image_compare.jpg
2020-06-15 14:47:17,576 Similarity between validation image filtered with trained and original sobel_right_down kernel is 100.0%
2020-06-15 14:47:17,576 Saving validation comparition to results/sobel_left_up/validation_image_compare.jpg
2020-06-15 14:47:17,616 Similarity between validation image filtered with trained and original sobel_left_up kernel is 100.0%
2020-06-15 14:47:17,616 Saving validation comparition to results/scharr_right/validation_image_compare.jpg
2020-06-15 14:47:17,665 Similarity between validation image filtered with trained and original scharr_right kernel is 100.0%
2020-06-15 14:47:17,665 Saving validation comparition to results/scharr_left/validation_image_compare.jpg
2020-06-15 14:47:17,711 Similarity between validation image filtered with trained and original scharr_left kernel is 100.0%
2020-06-15 14:47:17,711 Saving validation comparition to results/scharr_down/validation_image_compare.jpg
2020-06-15 14:47:17,760 Similarity between validation image filtered with trained and original scharr_down kernel is 100.0%
2020-06-15 14:47:17,760 Saving validation comparition to results/scharr_up/validation_image_compare.jpg
2020-06-15 14:47:17,809 Similarity between validation image filtered with trained and original scharr_up kernel is 100.0%
2020-06-15 14:47:17,809 Saving validation comparition to results/scharr_left_up/validation_image_compare.jpg
2020-06-15 14:47:17,881 Similarity between validation image filtered with trained and original scharr_left_up kernel is 100.0%
2020-06-15 14:47:17,881 Saving validation comparition to results/scharr_right_up/validation_image_compare.jpg
2020-06-15 14:47:17,932 Similarity between validation image filtered with trained and original scharr_right_up kernel is 100.0%
2020-06-15 14:47:17,932 Saving validation comparition to results/scharr_right_down/validation_image_compare.jpg
2020-06-15 14:47:18,001 Similarity between validation image filtered with trained and original scharr_right_down kernel is 100.0%
2020-06-15 14:47:18,001 Saving validation comparition to results/scharr_left_down/validation_image_compare.jpg
2020-06-15 14:47:18,048 Similarity between validation image filtered with trained and original scharr_left_down kernel is 100.0%
2020-06-15 14:48:52,112 Preparing images for training...
2020-06-15 14:49:05,121 Starting training process...
2020-06-15 14:50:58,292 Training done.
2020-06-15 14:50:58,292 Skipping gif creation.
2020-06-15 14:50:58,292 Results: 
2020-06-15 14:50:58,293 Original sobel_right filter: 
[[ 1  0 -1]
 [ 2  0 -2]
 [ 1  0 -1]]
2020-06-15 14:50:58,293 Trained sobel_right filter: 
[[ 0.98  0.02 -1.02]
 [ 2.02 -0.04 -1.97]
 [ 0.98  0.03 -1.02]]
2020-06-15 14:50:58,293 Saving training comparition to results/sobel_right/training_image_compare.jpg

2020-06-15 14:50:58,323 Original sobel_left filter: 
[[-1  0  1]
 [-2  0  2]
 [-1  0  1]]
2020-06-15 14:50:58,324 Trained sobel_left filter: 
[[-1.   -0.    1.  ]
 [-2.    0.01  1.99]
 [-1.   -0.    1.  ]]
2020-06-15 14:50:58,324 Saving training comparition to results/sobel_left/training_image_compare.jpg

2020-06-15 14:50:58,348 Original sobel_down filter: 
[[ 1  2  1]
 [ 0  0  0]
 [-1 -2 -1]]
2020-06-15 14:50:58,349 Trained sobel_down filter: 
[[ 1.  2.  1.]
 [-0.  0. -0.]
 [-1. -2. -1.]]
2020-06-15 14:50:58,349 Saving training comparition to results/sobel_down/training_image_compare.jpg

2020-06-15 14:50:58,373 Original sobel_up filter: 
[[-1 -2 -1]
 [ 0  0  0]
 [ 1  2  1]]
2020-06-15 14:50:58,374 Trained sobel_up filter: 
[[-1.01 -1.98 -1.01]
 [ 0.02 -0.03  0.02]
 [ 0.99  2.02  0.99]]
2020-06-15 14:50:58,374 Saving training comparition to results/sobel_up/training_image_compare.jpg

2020-06-15 14:50:58,401 Original sobel_left_down filter: 
[[ 0  1  2]
 [-1  0  1]
 [-2 -1  0]]
2020-06-15 14:50:58,401 Trained sobel_left_down filter: 
[[-0.  1.  2.]
 [-1. -0.  1.]
 [-2. -1. -0.]]
2020-06-15 14:50:58,402 Saving training comparition to results/sobel_left_down/training_image_compare.jpg

2020-06-15 14:50:58,429 Original sobel_right_up filter: 
[[ 0 -1 -2]
 [ 1  0 -1]
 [ 2  1  0]]
2020-06-15 14:50:58,430 Trained sobel_right_up filter: 
[[-0.01 -0.99 -2.01]
 [ 1.01 -0.02 -0.99]
 [ 1.99  1.01 -0.01]]
2020-06-15 14:50:58,430 Saving training comparition to results/sobel_right_up/training_image_compare.jpg

2020-06-15 14:50:58,464 Original sobel_right_down filter: 
[[ 2  1  0]
 [ 1  0 -1]
 [ 0 -1 -2]]
2020-06-15 14:50:58,465 Trained sobel_right_down filter: 
[[ 1.99  1.01 -0.01]
 [ 1.01 -0.02 -0.99]
 [-0.01 -0.99 -2.01]]
2020-06-15 14:50:58,465 Saving training comparition to results/sobel_right_down/training_image_compare.jpg

2020-06-15 14:50:58,492 Original sobel_left_up filter: 
[[-2 -1  0]
 [-1  0  1]
 [ 0  1  2]]
2020-06-15 14:50:58,492 Trained sobel_left_up filter: 
[[-1.99 -1.01  0.  ]
 [-1.01  0.01  0.99]
 [ 0.01  0.99  2.  ]]
2020-06-15 14:50:58,493 Saving training comparition to results/sobel_left_up/training_image_compare.jpg

2020-06-15 14:50:58,520 Original scharr_right filter: 
[[  3   0  -3]
 [ 10   0 -10]
 [  3   0  -3]]
2020-06-15 14:50:58,521 Trained scharr_right filter: 
[[  3.02  -0.02  -2.99]
 [  9.97   0.04 -10.01]
 [  3.02  -0.02  -2.99]]
2020-06-15 14:50:58,521 Saving training comparition to results/scharr_right/training_image_compare.jpg

2020-06-15 14:50:58,557 Original scharr_left filter: 
[[ -3   0   3]
 [-10   0  10]
 [ -3   0   3]]
2020-06-15 14:50:58,558 Trained scharr_left filter: 
[[-3.02  0.01  3.  ]
 [-9.98 -0.02 10.  ]
 [-3.01  0.01  3.  ]]
2020-06-15 14:50:58,558 Saving training comparition to results/scharr_left/training_image_compare.jpg

2020-06-15 14:50:58,597 Original scharr_down filter: 
[[  3  10   3]
 [  0   0   0]
 [ -3 -10  -3]]
2020-06-15 14:50:58,598 Trained scharr_down filter: 
[[  3.01   9.98   3.01]
 [ -0.01   0.01  -0.01]
 [ -3.   -10.    -3.  ]]
2020-06-15 14:50:58,598 Saving training comparition to results/scharr_down/training_image_compare.jpg

2020-06-15 14:50:58,631 Original scharr_up filter: 
[[ -3 -10  -3]
 [  0   0   0]
 [  3  10   3]]
2020-06-15 14:50:58,631 Trained scharr_up filter: 
[[ -3.   -10.    -3.  ]
 [ -0.01   0.01  -0.01]
 [  3.01   9.98   3.01]]
2020-06-15 14:50:58,632 Saving training comparition to results/scharr_up/training_image_compare.jpg

2020-06-15 14:50:58,665 Original scharr_left_up filter: 
[[  0   3  10]
 [ -3   0   3]
 [-10  -3   0]]
2020-06-15 14:50:58,666 Trained scharr_left_up filter: 
[[ -0.01   3.02   9.98]
 [ -3.    -0.02   3.02]
 [-10.    -3.    -0.01]]
2020-06-15 14:50:58,666 Saving training comparition to results/scharr_left_up/training_image_compare.jpg

2020-06-15 14:50:58,697 Original scharr_right_up filter: 
[[  0  -3 -10]
 [  3   0  -3]
 [ 10   3   0]]
2020-06-15 14:50:58,698 Trained scharr_right_up filter: 
[[ 0.01 -3.02 -9.98]
 [ 3.    0.01 -3.02]
 [10.    3.    0.01]]
2020-06-15 14:50:58,698 Saving training comparition to results/scharr_right_up/training_image_compare.jpg

2020-06-15 14:50:58,734 Original scharr_right_down filter: 
[[ 10   3   0]
 [  3   0  -3]
 [  0  -3 -10]]
2020-06-15 14:50:58,735 Trained scharr_right_down filter: 
[[ 9.99  3.    0.  ]
 [ 3.    0.01 -3.01]
 [ 0.   -3.01 -9.99]]
2020-06-15 14:50:58,735 Saving training comparition to results/scharr_right_down/training_image_compare.jpg

2020-06-15 14:50:58,768 Original scharr_left_down filter: 
[[-10  -3   0]
 [ -3   0   3]
 [  0   3  10]]
2020-06-15 14:50:58,768 Trained scharr_left_down filter: 
[[-10.01  -2.98  -0.02]
 [ -2.98  -0.04   3.04]
 [ -0.02   3.03   9.97]]
2020-06-15 14:50:58,769 Saving training comparition to results/scharr_left_down/training_image_compare.jpg

2020-06-15 14:50:58,824 Acceptance error is set to 0.1% of distance between highest and lowest value
2020-06-15 14:50:58,824 Saving validation comparition to results/sobel_right/validation_image_compare.jpg
2020-06-15 14:50:58,863 Similarity between validation image filtered with trained and original sobel_right kernel is 26.19%
2020-06-15 14:50:58,863 Saving validation comparition to results/sobel_left/validation_image_compare.jpg
2020-06-15 14:50:58,896 Similarity between validation image filtered with trained and original sobel_left kernel is 99.99%
2020-06-15 14:50:58,896 Saving validation comparition to results/sobel_down/validation_image_compare.jpg
2020-06-15 14:50:58,932 Similarity between validation image filtered with trained and original sobel_down kernel is 100.0%
2020-06-15 14:50:58,933 Saving validation comparition to results/sobel_up/validation_image_compare.jpg
2020-06-15 14:50:58,969 Similarity between validation image filtered with trained and original sobel_up kernel is 79.83%
2020-06-15 14:50:58,970 Saving validation comparition to results/sobel_left_down/validation_image_compare.jpg
2020-06-15 14:50:59,019 Similarity between validation image filtered with trained and original sobel_left_down kernel is 100.0%
2020-06-15 14:50:59,020 Saving validation comparition to results/sobel_right_up/validation_image_compare.jpg
2020-06-15 14:50:59,064 Similarity between validation image filtered with trained and original sobel_right_up kernel is 16.59%
2020-06-15 14:50:59,064 Saving validation comparition to results/sobel_right_down/validation_image_compare.jpg
2020-06-15 14:50:59,100 Similarity between validation image filtered with trained and original sobel_right_down kernel is 17.31%
2020-06-15 14:50:59,101 Saving validation comparition to results/sobel_left_up/validation_image_compare.jpg
2020-06-15 14:50:59,138 Similarity between validation image filtered with trained and original sobel_left_up kernel is 58.51%
2020-06-15 14:50:59,139 Saving validation comparition to results/scharr_right/validation_image_compare.jpg
2020-06-15 14:50:59,189 Similarity between validation image filtered with trained and original scharr_right kernel is 100.0%
2020-06-15 14:50:59,189 Saving validation comparition to results/scharr_left/validation_image_compare.jpg
2020-06-15 14:50:59,241 Similarity between validation image filtered with trained and original scharr_left kernel is 100.0%
2020-06-15 14:50:59,242 Saving validation comparition to results/scharr_down/validation_image_compare.jpg
2020-06-15 14:50:59,294 Similarity between validation image filtered with trained and original scharr_down kernel is 100.0%
2020-06-15 14:50:59,304 Saving validation comparition to results/scharr_up/validation_image_compare.jpg
2020-06-15 14:50:59,354 Similarity between validation image filtered with trained and original scharr_up kernel is 100.0%
2020-06-15 14:50:59,354 Saving validation comparition to results/scharr_left_up/validation_image_compare.jpg
2020-06-15 14:50:59,412 Similarity between validation image filtered with trained and original scharr_left_up kernel is 100.0%
2020-06-15 14:50:59,413 Saving validation comparition to results/scharr_right_up/validation_image_compare.jpg
2020-06-15 14:50:59,487 Similarity between validation image filtered with trained and original scharr_right_up kernel is 100.0%
2020-06-15 14:50:59,487 Saving validation comparition to results/scharr_right_down/validation_image_compare.jpg
2020-06-15 14:50:59,545 Similarity between validation image filtered with trained and original scharr_right_down kernel is 100.0%
2020-06-15 14:50:59,546 Saving validation comparition to results/scharr_left_down/validation_image_compare.jpg
2020-06-15 14:50:59,595 Similarity between validation image filtered with trained and original scharr_left_down kernel is 100.0%
